2021-08-27 18:10:13 error: error 
2021-08-28 08:41:59 error: POST - /auth/signup
2021-08-28 08:41:59 error:   [0m[97m[41mBadRequestError[0m[90m:[0m[37m [0m[97mValidation Error[0m
[0m  [0m
[0m  [0m[90m-[0m [0m[93mhandleValidationError.ts[0m[90m:[0m[93m8[0m[37m [0m[37mObject.handleValidationError [as handleValidation[0m  [0m  [0m[37mErrors][0m
[0m  [0m  [0m[90mE:/Project/Full-Stack/express-api/src/utils/handleValidationError.ts:8:9[0m
[0m  [0m
[0m  [0m[90m-[0m [0m[93mauthentication.ts[0m[90m:[0m[93m23[0m[37m [0m
[0m  [0m  [0m[90mE:/Project/Full-Stack/express-api/src/api/authentication.ts:23:4[0m
[0m  [0m
[0m  [0m[90m-[0m [0m[37mGenerator.next[0m
[0m  [0m
[0m  [0m[90m-[0m [0m[93mtslib.js[0m[90m:[0m[93m115[0m[37m [0m
[0m  [0m  [0m[90m[express-api]/[tslib]/tslib.js:115:75[0m
[0m  [0m
[0m  [0m[90m-[0m [0m[37mnew Promise[0m
[0m  [0m
[0m  [0m[90m-[0m [0m[93mtslib.js[0m[90m:[0m[93m111[0m[37m [0m[37mObject.__awaiter[0m
[0m  [0m  [0m[90m[express-api]/[tslib]/tslib.js:111:16[0m
[0m  [0m
[0m  [0m[90m-[0m [0m[93mauthentication.ts[0m[90m:[0m[93m21[0m[37m [0m
[0m  [0m  [0m[90mE:/Project/Full-Stack/express-api/src/api/authentication.ts:21:60[0m
[0m  [0m
[0m  [0m[90m-[0m [0m[93mlayer.js[0m[90m:[0m[93m95[0m[37m [0m[37mLayer.handle [as handle_request][0m
[0m  [0m  [0m[90m[express-api]/[express]/lib/router/layer.js:95:5[0m
[0m  [0m
[0m  [0m[90m-[0m [0m[93mroute.js[0m[90m:[0m[93m137[0m[37m [0m[37mnext[0m
[0m  [0m  [0m[90m[express-api]/[express]/lib/router/route.js:137:13[0m
[0m  [0m
[0m  [0m[90m-[0m [0m[93mcheck.js[0m[90m:[0m[93m16[0m[37m [0m[37mmiddleware[0m
[0m  [0m  [0m[90m[express-api]/[express-validator]/src/middlewares/check.js:16:13[0m
[0m  [0m
[0m
2021-08-28 08:43:51 error: POST - /auth/signup
2021-08-28 08:43:51 error:   [0m[97m[41mBadRequestError[0m[90m:[0m[37m [0m[97mValidation Error[0m
[0m  [0m
[0m  [0m[90m-[0m [0m[93mhandleValidationError.ts[0m[90m:[0m[93m8[0m[37m [0m[37mObject.handleValidationError [as handleValidation[0m  [0m  [0m[37mErrors][0m
[0m  [0m  [0m[90mE:/Project/Full-Stack/express-api/src/utils/handleValidationError.ts:8:9[0m
[0m  [0m
[0m  [0m[90m-[0m [0m[93mauthentication.ts[0m[90m:[0m[93m23[0m[37m [0m
[0m  [0m  [0m[90mE:/Project/Full-Stack/express-api/src/api/authentication.ts:23:4[0m
[0m  [0m
[0m  [0m[90m-[0m [0m[37mGenerator.next[0m
[0m  [0m
[0m  [0m[90m-[0m [0m[93mtslib.js[0m[90m:[0m[93m115[0m[37m [0m
[0m  [0m  [0m[90m[express-api]/[tslib]/tslib.js:115:75[0m
[0m  [0m
[0m  [0m[90m-[0m [0m[37mnew Promise[0m
[0m  [0m
[0m  [0m[90m-[0m [0m[93mtslib.js[0m[90m:[0m[93m111[0m[37m [0m[37mObject.__awaiter[0m
[0m  [0m  [0m[90m[express-api]/[tslib]/tslib.js:111:16[0m
[0m  [0m
[0m  [0m[90m-[0m [0m[93mauthentication.ts[0m[90m:[0m[93m21[0m[37m [0m
[0m  [0m  [0m[90mE:/Project/Full-Stack/express-api/src/api/authentication.ts:21:60[0m
[0m  [0m
[0m  [0m[90m-[0m [0m[93mlayer.js[0m[90m:[0m[93m95[0m[37m [0m[37mLayer.handle [as handle_request][0m
[0m  [0m  [0m[90m[express-api]/[express]/lib/router/layer.js:95:5[0m
[0m  [0m
[0m  [0m[90m-[0m [0m[93mroute.js[0m[90m:[0m[93m137[0m[37m [0m[37mnext[0m
[0m  [0m  [0m[90m[express-api]/[express]/lib/router/route.js:137:13[0m
[0m  [0m
[0m  [0m[90m-[0m [0m[93mcheck.js[0m[90m:[0m[93m16[0m[37m [0m[37mmiddleware[0m
[0m  [0m  [0m[90m[express-api]/[express-validator]/src/middlewares/check.js:16:13[0m
[0m  [0m
[0m
